============================= test session starts =============================
platform win32 -- Python 3.13.12, pytest-7.4.3, pluggy-1.6.0 -- C:\Users\ABC\AppData\Local\Programs\Python\Python313\python.exe
cachedir: .pytest_cache
rootdir: D:\Lec\Y2 S2\DS\Project\Fault-Tolerant-Distributed-Messaging-System\Fault-Tolerant-Distributed-Messaging-System
configfile: pytest.ini
testpaths: tests
plugins: anyio-3.7.1
collecting ... collected 64 items

tests/test_api.py::TestAPIRoutes::test_health_endpoint PASSED            [  1%]
tests/test_api.py::TestAPIRoutes::test_send_message_via_kafka PASSED     [  3%]
tests/test_api.py::TestAPIRoutes::test_send_message_via_fallback PASSED  [  4%]
tests/test_api.py::TestAPIRoutes::test_get_all_messages PASSED           [  6%]
tests/test_api.py::TestAPIRoutes::test_get_conversation PASSED           [  7%]
tests/test_api.py::TestAPIRoutes::test_message_auto_timestamp PASSED     [  9%]
tests/test_api.py::TestAPIRoutes::test_create_user PASSED                [ 10%]
tests/test_api.py::TestAPIRoutes::test_duplicate_user_409 PASSED         [ 12%]
tests/test_api.py::TestAPIRoutes::test_get_user_not_found PASSED         [ 14%]
tests/test_api.py::TestAPIRoutes::test_get_stats_not_computed PASSED     [ 15%]
tests/test_api.py::TestAPIRoutes::test_get_logs PASSED                   [ 17%]
tests/test_api.py::TestAPIRoutes::test_list_users PASSED                 [ 18%]
tests/test_consumer.py::TestFaultTolerantConsumer::test_consumer_init PASSED [ 20%]
tests/test_consumer.py::TestFaultTolerantConsumer::test_process_message_success PASSED [ 21%]
tests/test_consumer.py::TestFaultTolerantConsumer::test_process_message_db_failure PASSED [ 23%]
tests/test_consumer.py::TestFaultTolerantConsumer::test_build_consumer_config PASSED [ 25%]
tests/test_consumer.py::TestFaultTolerantConsumer::test_stop_sets_running_false PASSED [ 26%]
tests/test_consumer.py::TestFaultTolerantConsumer::test_leader_lock_acquisition PASSED [ 28%]
tests/test_consumer.py::TestFaultTolerantConsumer::test_leader_lock_contention PASSED [ 29%]
tests/test_consumer.py::TestFaultTolerantConsumer::test_leader_stats_job PASSED [ 31%]
tests/test_dlq_replayer.py::TestDLQReplayer::test_no_dlq_file PASSED     [ 32%]
tests/test_dlq_replayer.py::TestDLQReplayer::test_empty_dlq_file PASSED  [ 34%]
tests/test_dlq_replayer.py::TestDLQReplayer::test_replay_success PASSED  [ 35%]
tests/test_dlq_replayer.py::TestDLQReplayer::test_partial_replay PASSED  [ 37%]
tests/test_dlq_replayer.py::TestDLQReplayer::test_archive_created_on_success PASSED [ 39%]
tests/test_heartbeat.py::TestHeartbeatMonitor::test_register_node PASSED [ 40%]
tests/test_heartbeat.py::TestHeartbeatMonitor::test_alive_on_successful_ping PASSED [ 42%]
tests/test_heartbeat.py::TestHeartbeatMonitor::test_suspected_on_timeout PASSED [ 43%]
tests/test_heartbeat.py::TestHeartbeatMonitor::test_dead_on_extended_timeout PASSED [ 45%]
tests/test_heartbeat.py::TestHeartbeatMonitor::test_recovery_from_suspected_to_alive PASSED [ 46%]
tests/test_heartbeat.py::TestHeartbeatMonitor::test_status_report PASSED [ 48%]
tests/test_heartbeat.py::TestHeartbeatMonitor::test_get_alive_nodes PASSED [ 50%]
tests/test_heartbeat.py::TestHeartbeatMonitor::test_callback_on_status_change PASSED [ 51%]
tests/test_heartbeat.py::TestHeartbeatMonitor::test_unknown_node_returns_dead PASSED [ 53%]
tests/test_producer.py::TestFaultTolerantProducer::test_producer_initializes_successfully PASSED [ 54%]
tests/test_producer.py::TestFaultTolerantProducer::test_producer_uses_all_brokers PASSED [ 56%]
tests/test_producer.py::TestFaultTolerantProducer::test_producer_uses_acks_all PASSED [ 57%]
tests/test_producer.py::TestFaultTolerantProducer::test_send_message_success PASSED [ 59%]
tests/test_producer.py::TestFaultTolerantProducer::test_send_message_adds_timestamp PASSED [ 60%]
tests/test_producer.py::TestFaultTolerantProducer::test_send_message_uses_canonical_key PASSED [ 62%]
tests/test_producer.py::TestFaultTolerantProducer::test_send_to_dlq_on_kafka_error PASSED [ 64%]
tests/test_producer.py::TestFaultTolerantProducer::test_send_batch PASSED [ 65%]
tests/test_producer.py::TestFaultTolerantProducer::test_close_flushes_producer PASSED [ 67%]
tests/test_time_sync.py::TestLamportClock::test_tick_increments PASSED   [ 68%]
tests/test_time_sync.py::TestLamportClock::test_update_takes_max PASSED  [ 70%]
tests/test_time_sync.py::TestLamportClock::test_update_when_local_is_higher PASSED [ 71%]
tests/test_time_sync.py::TestLamportClock::test_monotonicity PASSED      [ 73%]
tests/test_time_sync.py::TestLamportClock::test_current_does_not_increment PASSED [ 75%]
tests/test_time_sync.py::TestHybridLogicalClock::test_tick_returns_tuple PASSED [ 76%]
tests/test_time_sync.py::TestHybridLogicalClock::test_tick_physical_close_to_now PASSED [ 78%]
tests/test_time_sync.py::TestHybridLogicalClock::test_tick_logical_increments_on_same_physical PASSED [ 79%]
tests/test_time_sync.py::TestHybridLogicalClock::test_encode_decode_roundtrip PASSED [ 81%]
tests/test_time_sync.py::TestHybridLogicalClock::test_encoded_ordering PASSED [ 82%]
tests/test_time_sync.py::TestHybridLogicalClock::test_update_advances_clock PASSED [ 84%]
tests/test_time_sync.py::TestMessageReorderBuffer::test_add_increases_size PASSED [ 85%]
tests/test_time_sync.py::TestMessageReorderBuffer::test_flush_releases_old_messages PASSED [ 87%]
tests/test_time_sync.py::TestMessageReorderBuffer::test_flush_holds_recent_messages PASSED [ 89%]
tests/test_time_sync.py::TestMessageReorderBuffer::test_flush_returns_sorted_order PASSED [ 90%]
tests/test_time_sync.py::TestMessageReorderBuffer::test_flush_all_releases_everything PASSED [ 92%]
tests/test_time_sync.py::TestClockSkewAnalyzer::test_record_skew_returns_value PASSED [ 93%]
tests/test_time_sync.py::TestClockSkewAnalyzer::test_report_no_data PASSED [ 95%]
tests/test_time_sync.py::TestClockSkewAnalyzer::test_report_with_data PASSED [ 96%]
tests/test_time_sync.py::TestNTPSynchronizer::test_initial_offset_zero_on_failure PASSED [ 98%]
tests/test_time_sync.py::TestNTPSynchronizer::test_corrected_timestamp_applies_offset PASSED [100%]

============================= 64 passed in 2.25s ==============================
